<?xml version="1.0" encoding="utf-8"?><testsuites name="pytest tests"><testsuite name="pytest" errors="0" failures="0" skipped="0" tests="3" time="4.041" timestamp="2026-08-12T12:48:45.304539+00:00" hostname="agent-env-b6a12276-1958-4beb-b3dd-b7f7a6f4cf99"><testcase classname="backend.tests.test_workers_chat" name="test_single_worker_grounded_reply" time="1.196" /><testcase classname="backend.tests.test_workers_chat" name="test_branch_comparison_multi_worker" time="1.559" /><testcase classname="backend.tests.test_workers_chat" name="test_empty_workers_graceful" time="1.222" /></testsuite></testsuites>