<?xml version="1.0" encoding="utf-8"?><testsuites name="pytest tests"><testsuite name="pytest" errors="0" failures="0" skipped="0" tests="19" time="4.385" timestamp="2026-05-28T19:29:15.510848+00:00" hostname="agent-env-3eb87ad8-f097-46b1-94da-979e177fda27"><testcase classname="tests.test_ai_inbox.TestWhatsAppWebhookVerify" name="test_verify_success" time="0.226" /><testcase classname="tests.test_ai_inbox.TestWhatsAppWebhookVerify" name="test_verify_wrong_token" time="0.051" /><testcase classname="tests.test_ai_inbox.TestWhatsAppWebhookVerify" name="test_verify_missing_params" time="0.046" /><testcase classname="tests.test_ai_inbox.TestInstagramWebhookVerify" name="test_verify_success" time="0.053" /><testcase classname="tests.test_ai_inbox.TestInstagramWebhookVerify" name="test_verify_wrong_token" time="0.045" /><testcase classname="tests.test_ai_inbox.TestWhatsAppWebhookReceive" name="test_valid_payload_returns_ok" time="0.059" /><testcase classname="tests.test_ai_inbox.TestWhatsAppWebhookReceive" name="test_non_wa_object_ignored" time="0.046" /><testcase classname="tests.test_ai_inbox.TestWhatsAppWebhookReceive" name="test_empty_body_does_not_crash" time="0.048" /><testcase classname="tests.test_ai_inbox.TestInstagramWebhookReceive" name="test_valid_instagram_payload" time="0.047" /><testcase classname="tests.test_ai_inbox.TestInstagramWebhookReceive" name="test_page_object_accepted" time="0.046" /><testcase classname="tests.test_ai_inbox.TestInstagramWebhookReceive" name="test_non_ig_object_ignored" time="0.058" /><testcase classname="tests.test_ai_inbox.TestAdminAuth" name="test_config_no_secret_401" time="0.116" /><testcase classname="tests.test_ai_inbox.TestAdminAuth" name="test_config_wrong_secret_401" time="0.133" /><testcase classname="tests.test_ai_inbox.TestAdminAuth" name="test_conversations_no_secret_401" time="0.110" /><testcase classname="tests.test_ai_inbox.TestAdminAuth" name="test_test_no_secret_401" time="1.120" /><testcase classname="tests.test_ai_inbox.TestAdminGetConfig" name="test_get_config_returns_public_shape" time="0.167" /><testcase classname="tests.test_ai_inbox.TestAdminPostConfig" name="test_post_config_returns_503_when_firebase_not_ready" time="0.111" /><testcase classname="tests.test_ai_inbox.TestAdminConversations" name="test_conversations_list" time="0.161" /><testcase classname="tests.test_ai_inbox.TestAdminAiTest" name="test_ai_test_generates_reply" time="1.659" /></testsuite></testsuites>